<?xml version="1.0" encoding="UTF-8"?>
<!-- Generated by org.testng.reporters.JUnitReportReporter -->
<testsuite skipped="0" hostname="SHONY-PC" name="utilities.BaseClass" tests="1" failures="0" timestamp="07 Apr 2021 12:59:52 GMT" time="16.611" errors="0">
  <testcase name="login" time="16.611" classname="utilities.BaseClass"/>
</testsuite> <!-- utilities.BaseClass -->
