<?xml version="1.0" encoding="UTF-8"?>
<!-- Generated by org.testng.reporters.JUnitReportReporter -->
<testsuite skipped="0" hostname="SHONY-PC" name="test.LoginTest" tests="1" failures="0" timestamp="07 Apr 2021 03:01:47 GMT" time="11.702" errors="0">
  <testcase name="login" time="11.702" classname="test.LoginTest"/>
</testsuite> <!-- test.LoginTest -->
